2022-11-28 16:36:10.610  INFO 1904 --- [restartedMain] c.c.u.UpdateplayerApplication            : Starting UpdateplayerApplication using Java 19 on LTIN308722 with PID 1904 (C:\Users\2104158\OneDrive - Cognizant\Desktop\Sports Facility Final\Backend\updateplayer\target\classes started by 2104158 in C:\Users\2104158\OneDrive - Cognizant\Desktop\Sports Facility Final\Backend\updateplayer)
2022-11-28 16:36:10.746  INFO 1904 --- [restartedMain] c.c.u.UpdateplayerApplication            : No active profile set, falling back to 1 default profile: "default"
2022-11-28 16:36:10.915  INFO 1904 --- [restartedMain] .e.DevToolsPropertyDefaultsPostProcessor : Devtools property defaults active! Set 'spring.devtools.add-properties' to 'false' to disable
2022-11-28 16:36:10.917  INFO 1904 --- [restartedMain] .e.DevToolsPropertyDefaultsPostProcessor : For additional web related logging consider setting the 'logging.level.web' property to 'DEBUG'
2022-11-28 16:36:13.715  INFO 1904 --- [restartedMain] .s.d.r.c.RepositoryConfigurationDelegate : Bootstrapping Spring Data JPA repositories in DEFAULT mode.
2022-11-28 16:36:13.999  INFO 1904 --- [restartedMain] .s.d.r.c.RepositoryConfigurationDelegate : Finished Spring Data repository scanning in 267 ms. Found 1 JPA repository interfaces.
2022-11-28 16:36:14.658  INFO 1904 --- [restartedMain] o.s.cloud.context.scope.GenericScope     : BeanFactory id=a7748fcf-67a5-3cec-9e58-63b45d15b6cb
2022-11-28 16:36:16.104  INFO 1904 --- [restartedMain] o.s.b.w.embedded.tomcat.TomcatWebServer  : Tomcat initialized with port(s): 8083 (http)
2022-11-28 16:36:16.131  INFO 1904 --- [restartedMain] o.apache.catalina.core.StandardService   : Starting service [Tomcat]
2022-11-28 16:36:16.133  INFO 1904 --- [restartedMain] org.apache.catalina.core.StandardEngine  : Starting Servlet engine: [Apache Tomcat/9.0.68]
2022-11-28 16:36:16.376  INFO 1904 --- [restartedMain] o.a.c.c.C.[Tomcat].[localhost].[/]       : Initializing Spring embedded WebApplicationContext
2022-11-28 16:36:16.377  INFO 1904 --- [restartedMain] w.s.c.ServletWebServerApplicationContext : Root WebApplicationContext: initialization completed in 5459 ms
2022-11-28 16:36:16.652  INFO 1904 --- [restartedMain] com.zaxxer.hikari.HikariDataSource       : HikariPool-1 - Starting...
2022-11-28 16:36:17.165  INFO 1904 --- [restartedMain] com.zaxxer.hikari.HikariDataSource       : HikariPool-1 - Start completed.
2022-11-28 16:36:17.179  INFO 1904 --- [restartedMain] o.s.b.a.h2.H2ConsoleAutoConfiguration    : H2 console available at '/h2-console'. Database available at 'jdbc:mysql://localhost:3306/sports'
2022-11-28 16:36:17.481  INFO 1904 --- [restartedMain] o.hibernate.jpa.internal.util.LogHelper  : HHH000204: Processing PersistenceUnitInfo [name: default]
2022-11-28 16:36:17.608  INFO 1904 --- [restartedMain] org.hibernate.Version                    : HHH000412: Hibernate ORM core version 5.6.12.Final
2022-11-28 16:36:17.879  INFO 1904 --- [restartedMain] o.hibernate.annotations.common.Version   : HCANN000001: Hibernate Commons Annotations {5.1.2.Final}
2022-11-28 16:36:18.159  INFO 1904 --- [restartedMain] org.hibernate.dialect.Dialect            : HHH000400: Using dialect: org.hibernate.dialect.MySQL8Dialect
2022-11-28 16:36:19.402  INFO 1904 --- [restartedMain] o.h.e.t.j.p.i.JtaPlatformInitiator       : HHH000490: Using JtaPlatform implementation: [org.hibernate.engine.transaction.jta.platform.internal.NoJtaPlatform]
2022-11-28 16:36:19.420  INFO 1904 --- [restartedMain] j.LocalContainerEntityManagerFactoryBean : Initialized JPA EntityManagerFactory for persistence unit 'default'
2022-11-28 16:36:20.446  WARN 1904 --- [restartedMain] JpaBaseConfiguration$JpaWebConfiguration : spring.jpa.open-in-view is enabled by default. Therefore, database queries may be performed during view rendering. Explicitly configure spring.jpa.open-in-view to disable this warning
2022-11-28 16:36:20.512  WARN 1904 --- [restartedMain] o.s.b.d.a.OptionalLiveReloadServer       : Unable to start LiveReload server
2022-11-28 16:36:23.340  INFO 1904 --- [restartedMain] DiscoveryClientOptionalArgsConfiguration : Eureka HTTP Client uses RestTemplate.
2022-11-28 16:36:23.521  WARN 1904 --- [restartedMain] iguration$LoadBalancerCaffeineWarnLogger : Spring Cloud LoadBalancer is currently working with the default cache. While this cache implementation is useful for development and tests, it's recommended to use Caffeine cache in production.You can switch to using Caffeine cache, by adding it and org.springframework.cache.caffeine.CaffeineCacheManager to the classpath.
2022-11-28 16:36:23.542  INFO 1904 --- [restartedMain] o.s.b.a.e.web.EndpointLinksResolver      : Exposing 5 endpoint(s) beneath base path '/actuator'
2022-11-28 16:36:23.615  INFO 1904 --- [restartedMain] o.s.c.n.eureka.InstanceInfoFactory       : Setting initial instance status as: STARTING
2022-11-28 16:36:23.813  INFO 1904 --- [restartedMain] com.netflix.discovery.DiscoveryClient    : Initializing Eureka in region us-east-1
2022-11-28 16:36:23.824  INFO 1904 --- [restartedMain] c.n.d.s.r.aws.ConfigClusterResolver      : Resolving eureka endpoints via configuration
2022-11-28 16:36:23.884  INFO 1904 --- [restartedMain] com.netflix.discovery.DiscoveryClient    : Disable delta property : false
2022-11-28 16:36:23.884  INFO 1904 --- [restartedMain] com.netflix.discovery.DiscoveryClient    : Single vip registry refresh property : null
2022-11-28 16:36:23.885  INFO 1904 --- [restartedMain] com.netflix.discovery.DiscoveryClient    : Force full registry fetch : false
2022-11-28 16:36:23.885  INFO 1904 --- [restartedMain] com.netflix.discovery.DiscoveryClient    : Application is null : false
2022-11-28 16:36:23.886  INFO 1904 --- [restartedMain] com.netflix.discovery.DiscoveryClient    : Registered Applications size is zero : true
2022-11-28 16:36:23.886  INFO 1904 --- [restartedMain] com.netflix.discovery.DiscoveryClient    : Application version is -1: true
2022-11-28 16:36:23.887  INFO 1904 --- [restartedMain] com.netflix.discovery.DiscoveryClient    : Getting all instance registry info from the eureka server
2022-11-28 16:36:24.464  INFO 1904 --- [restartedMain] com.netflix.discovery.DiscoveryClient    : The response status is 200
2022-11-28 16:36:24.470  INFO 1904 --- [restartedMain] com.netflix.discovery.DiscoveryClient    : Starting heartbeat executor: renew interval is: 30
2022-11-28 16:36:24.476  INFO 1904 --- [restartedMain] c.n.discovery.InstanceInfoReplicator     : InstanceInfoReplicator onDemand update allowed rate per min is 4
2022-11-28 16:36:24.486  INFO 1904 --- [restartedMain] com.netflix.discovery.DiscoveryClient    : Discovery Client initialized at timestamp 1669633584484 with initial instances count: 1
2022-11-28 16:36:24.490  INFO 1904 --- [restartedMain] o.s.c.n.e.s.EurekaServiceRegistry        : Registering application PLAYER-UPDATE-SERVICE with eureka with status UP
2022-11-28 16:36:24.492  INFO 1904 --- [restartedMain] com.netflix.discovery.DiscoveryClient    : Saw local status change event StatusChangeEvent [timestamp=1669633584492, current=UP, previous=STARTING]
2022-11-28 16:36:24.496  INFO 1904 --- [DiscoveryClient-InstanceInfoReplicator-0] com.netflix.discovery.DiscoveryClient    : DiscoveryClient_PLAYER-UPDATE-SERVICE/LTIN308722.cts.com:player-update-service:8083: registering service...
2022-11-28 16:36:24.546  INFO 1904 --- [restartedMain] o.s.b.w.embedded.tomcat.TomcatWebServer  : Tomcat started on port(s): 8083 (http) with context path ''
2022-11-28 16:36:24.547  INFO 1904 --- [restartedMain] .s.c.n.e.s.EurekaAutoServiceRegistration : Updating port to 8083
2022-11-28 16:36:24.605  INFO 1904 --- [DiscoveryClient-InstanceInfoReplicator-0] com.netflix.discovery.DiscoveryClient    : DiscoveryClient_PLAYER-UPDATE-SERVICE/LTIN308722.cts.com:player-update-service:8083 - registration status: 204
2022-11-28 16:36:24.683  INFO 1904 --- [restartedMain] c.c.u.UpdateplayerApplication            : Started UpdateplayerApplication in 15.467 seconds (JVM running for 16.918)
2022-11-28 16:36:54.613  INFO 1904 --- [DiscoveryClient-InstanceInfoReplicator-0] com.netflix.discovery.DiscoveryClient    : DiscoveryClient_PLAYER-UPDATE-SERVICE/LTIN308722.cts.com:player-update-service:8083: registering service...
2022-11-28 16:36:54.621  INFO 1904 --- [DiscoveryClient-InstanceInfoReplicator-0] com.netflix.discovery.DiscoveryClient    : DiscoveryClient_PLAYER-UPDATE-SERVICE/LTIN308722.cts.com:player-update-service:8083 - registration status: 204
2022-11-28 16:37:24.627  INFO 1904 --- [DiscoveryClient-InstanceInfoReplicator-0] com.netflix.discovery.DiscoveryClient    : DiscoveryClient_PLAYER-UPDATE-SERVICE/LTIN308722.cts.com:player-update-service:8083: registering service...
2022-11-28 16:37:24.638  INFO 1904 --- [DiscoveryClient-InstanceInfoReplicator-0] com.netflix.discovery.DiscoveryClient    : DiscoveryClient_PLAYER-UPDATE-SERVICE/LTIN308722.cts.com:player-update-service:8083 - registration status: 204
2022-11-28 16:37:54.649  INFO 1904 --- [DiscoveryClient-InstanceInfoReplicator-0] com.netflix.discovery.DiscoveryClient    : DiscoveryClient_PLAYER-UPDATE-SERVICE/LTIN308722.cts.com:player-update-service:8083: registering service...
2022-11-28 16:37:54.658  INFO 1904 --- [DiscoveryClient-InstanceInfoReplicator-0] com.netflix.discovery.DiscoveryClient    : DiscoveryClient_PLAYER-UPDATE-SERVICE/LTIN308722.cts.com:player-update-service:8083 - registration status: 204
2022-11-28 16:38:24.662  INFO 1904 --- [DiscoveryClient-InstanceInfoReplicator-0] com.netflix.discovery.DiscoveryClient    : DiscoveryClient_PLAYER-UPDATE-SERVICE/LTIN308722.cts.com:player-update-service:8083: registering service...
2022-11-28 16:38:24.669  INFO 1904 --- [DiscoveryClient-InstanceInfoReplicator-0] com.netflix.discovery.DiscoveryClient    : DiscoveryClient_PLAYER-UPDATE-SERVICE/LTIN308722.cts.com:player-update-service:8083 - registration status: 204
2022-11-28 16:38:54.677  INFO 1904 --- [DiscoveryClient-InstanceInfoReplicator-0] com.netflix.discovery.DiscoveryClient    : DiscoveryClient_PLAYER-UPDATE-SERVICE/LTIN308722.cts.com:player-update-service:8083: registering service...
2022-11-28 16:38:54.683  INFO 1904 --- [DiscoveryClient-InstanceInfoReplicator-0] com.netflix.discovery.DiscoveryClient    : DiscoveryClient_PLAYER-UPDATE-SERVICE/LTIN308722.cts.com:player-update-service:8083 - registration status: 204
2022-11-28 16:39:24.685  INFO 1904 --- [DiscoveryClient-InstanceInfoReplicator-0] com.netflix.discovery.DiscoveryClient    : DiscoveryClient_PLAYER-UPDATE-SERVICE/LTIN308722.cts.com:player-update-service:8083: registering service...
2022-11-28 16:39:24.693  INFO 1904 --- [DiscoveryClient-InstanceInfoReplicator-0] com.netflix.discovery.DiscoveryClient    : DiscoveryClient_PLAYER-UPDATE-SERVICE/LTIN308722.cts.com:player-update-service:8083 - registration status: 204
2022-11-28 16:39:54.702  INFO 1904 --- [DiscoveryClient-InstanceInfoReplicator-0] com.netflix.discovery.DiscoveryClient    : DiscoveryClient_PLAYER-UPDATE-SERVICE/LTIN308722.cts.com:player-update-service:8083: registering service...
2022-11-28 16:39:54.707  INFO 1904 --- [DiscoveryClient-InstanceInfoReplicator-0] com.netflix.discovery.DiscoveryClient    : DiscoveryClient_PLAYER-UPDATE-SERVICE/LTIN308722.cts.com:player-update-service:8083 - registration status: 204
2022-11-28 16:40:24.723  INFO 1904 --- [DiscoveryClient-InstanceInfoReplicator-0] com.netflix.discovery.DiscoveryClient    : DiscoveryClient_PLAYER-UPDATE-SERVICE/LTIN308722.cts.com:player-update-service:8083: registering service...
2022-11-28 16:40:24.729  INFO 1904 --- [DiscoveryClient-InstanceInfoReplicator-0] com.netflix.discovery.DiscoveryClient    : DiscoveryClient_PLAYER-UPDATE-SERVICE/LTIN308722.cts.com:player-update-service:8083 - registration status: 204
2022-11-28 16:40:54.742  INFO 1904 --- [DiscoveryClient-InstanceInfoReplicator-0] com.netflix.discovery.DiscoveryClient    : DiscoveryClient_PLAYER-UPDATE-SERVICE/LTIN308722.cts.com:player-update-service:8083: registering service...
2022-11-28 16:40:54.750  INFO 1904 --- [DiscoveryClient-InstanceInfoReplicator-0] com.netflix.discovery.DiscoveryClient    : DiscoveryClient_PLAYER-UPDATE-SERVICE/LTIN308722.cts.com:player-update-service:8083 - registration status: 204
2022-11-28 16:41:23.895  INFO 1904 --- [AsyncResolver-bootstrap-executor-0] c.n.d.s.r.aws.ConfigClusterResolver      : Resolving eureka endpoints via configuration
2022-11-28 16:41:24.764  INFO 1904 --- [DiscoveryClient-InstanceInfoReplicator-0] com.netflix.discovery.DiscoveryClient    : DiscoveryClient_PLAYER-UPDATE-SERVICE/LTIN308722.cts.com:player-update-service:8083: registering service...
2022-11-28 16:41:24.772  INFO 1904 --- [DiscoveryClient-InstanceInfoReplicator-0] com.netflix.discovery.DiscoveryClient    : DiscoveryClient_PLAYER-UPDATE-SERVICE/LTIN308722.cts.com:player-update-service:8083 - registration status: 204
2022-11-28 16:41:54.779  INFO 1904 --- [DiscoveryClient-InstanceInfoReplicator-0] com.netflix.discovery.DiscoveryClient    : DiscoveryClient_PLAYER-UPDATE-SERVICE/LTIN308722.cts.com:player-update-service:8083: registering service...
2022-11-28 16:41:54.783  INFO 1904 --- [DiscoveryClient-InstanceInfoReplicator-0] com.netflix.discovery.DiscoveryClient    : DiscoveryClient_PLAYER-UPDATE-SERVICE/LTIN308722.cts.com:player-update-service:8083 - registration status: 204
2022-11-28 16:42:24.792  INFO 1904 --- [DiscoveryClient-InstanceInfoReplicator-0] com.netflix.discovery.DiscoveryClient    : DiscoveryClient_PLAYER-UPDATE-SERVICE/LTIN308722.cts.com:player-update-service:8083: registering service...
2022-11-28 16:42:24.797  INFO 1904 --- [DiscoveryClient-InstanceInfoReplicator-0] com.netflix.discovery.DiscoveryClient    : DiscoveryClient_PLAYER-UPDATE-SERVICE/LTIN308722.cts.com:player-update-service:8083 - registration status: 204
2022-11-28 16:42:54.804  INFO 1904 --- [DiscoveryClient-InstanceInfoReplicator-0] com.netflix.discovery.DiscoveryClient    : DiscoveryClient_PLAYER-UPDATE-SERVICE/LTIN308722.cts.com:player-update-service:8083: registering service...
2022-11-28 16:42:54.809  INFO 1904 --- [DiscoveryClient-InstanceInfoReplicator-0] com.netflix.discovery.DiscoveryClient    : DiscoveryClient_PLAYER-UPDATE-SERVICE/LTIN308722.cts.com:player-update-service:8083 - registration status: 204
2022-11-28 16:43:24.810  INFO 1904 --- [DiscoveryClient-InstanceInfoReplicator-0] com.netflix.discovery.DiscoveryClient    : DiscoveryClient_PLAYER-UPDATE-SERVICE/LTIN308722.cts.com:player-update-service:8083: registering service...
2022-11-28 16:43:24.820  INFO 1904 --- [DiscoveryClient-InstanceInfoReplicator-0] com.netflix.discovery.DiscoveryClient    : DiscoveryClient_PLAYER-UPDATE-SERVICE/LTIN308722.cts.com:player-update-service:8083 - registration status: 204
2022-11-28 16:43:54.823  INFO 1904 --- [DiscoveryClient-InstanceInfoReplicator-0] com.netflix.discovery.DiscoveryClient    : DiscoveryClient_PLAYER-UPDATE-SERVICE/LTIN308722.cts.com:player-update-service:8083: registering service...
2022-11-28 16:43:54.827  INFO 1904 --- [DiscoveryClient-InstanceInfoReplicator-0] com.netflix.discovery.DiscoveryClient    : DiscoveryClient_PLAYER-UPDATE-SERVICE/LTIN308722.cts.com:player-update-service:8083 - registration status: 204
2022-11-28 16:44:24.831  INFO 1904 --- [DiscoveryClient-InstanceInfoReplicator-0] com.netflix.discovery.DiscoveryClient    : DiscoveryClient_PLAYER-UPDATE-SERVICE/LTIN308722.cts.com:player-update-service:8083: registering service...
2022-11-28 16:44:24.834  INFO 1904 --- [DiscoveryClient-InstanceInfoReplicator-0] com.netflix.discovery.DiscoveryClient    : DiscoveryClient_PLAYER-UPDATE-SERVICE/LTIN308722.cts.com:player-update-service:8083 - registration status: 204
2022-11-28 16:44:54.847  INFO 1904 --- [DiscoveryClient-InstanceInfoReplicator-0] com.netflix.discovery.DiscoveryClient    : DiscoveryClient_PLAYER-UPDATE-SERVICE/LTIN308722.cts.com:player-update-service:8083: registering service...
2022-11-28 16:44:54.852  INFO 1904 --- [DiscoveryClient-InstanceInfoReplicator-0] com.netflix.discovery.DiscoveryClient    : DiscoveryClient_PLAYER-UPDATE-SERVICE/LTIN308722.cts.com:player-update-service:8083 - registration status: 204
2022-11-28 16:45:24.862  INFO 1904 --- [DiscoveryClient-InstanceInfoReplicator-0] com.netflix.discovery.DiscoveryClient    : DiscoveryClient_PLAYER-UPDATE-SERVICE/LTIN308722.cts.com:player-update-service:8083: registering service...
2022-11-28 16:45:24.868  INFO 1904 --- [DiscoveryClient-InstanceInfoReplicator-0] com.netflix.discovery.DiscoveryClient    : DiscoveryClient_PLAYER-UPDATE-SERVICE/LTIN308722.cts.com:player-update-service:8083 - registration status: 204
2022-11-28 16:45:54.879  INFO 1904 --- [DiscoveryClient-InstanceInfoReplicator-0] com.netflix.discovery.DiscoveryClient    : DiscoveryClient_PLAYER-UPDATE-SERVICE/LTIN308722.cts.com:player-update-service:8083: registering service...
2022-11-28 16:45:54.884  INFO 1904 --- [DiscoveryClient-InstanceInfoReplicator-0] com.netflix.discovery.DiscoveryClient    : DiscoveryClient_PLAYER-UPDATE-SERVICE/LTIN308722.cts.com:player-update-service:8083 - registration status: 204
2022-11-28 16:46:23.896  INFO 1904 --- [AsyncResolver-bootstrap-executor-0] c.n.d.s.r.aws.ConfigClusterResolver      : Resolving eureka endpoints via configuration
2022-11-28 16:46:24.895  INFO 1904 --- [DiscoveryClient-InstanceInfoReplicator-0] com.netflix.discovery.DiscoveryClient    : DiscoveryClient_PLAYER-UPDATE-SERVICE/LTIN308722.cts.com:player-update-service:8083: registering service...
2022-11-28 16:46:24.901  INFO 1904 --- [DiscoveryClient-InstanceInfoReplicator-0] com.netflix.discovery.DiscoveryClient    : DiscoveryClient_PLAYER-UPDATE-SERVICE/LTIN308722.cts.com:player-update-service:8083 - registration status: 204
2022-11-28 16:46:54.903  INFO 1904 --- [DiscoveryClient-InstanceInfoReplicator-0] com.netflix.discovery.DiscoveryClient    : DiscoveryClient_PLAYER-UPDATE-SERVICE/LTIN308722.cts.com:player-update-service:8083: registering service...
2022-11-28 16:46:54.914  INFO 1904 --- [DiscoveryClient-InstanceInfoReplicator-0] com.netflix.discovery.DiscoveryClient    : DiscoveryClient_PLAYER-UPDATE-SERVICE/LTIN308722.cts.com:player-update-service:8083 - registration status: 204
2022-11-28 16:47:24.923  INFO 1904 --- [DiscoveryClient-InstanceInfoReplicator-0] com.netflix.discovery.DiscoveryClient    : DiscoveryClient_PLAYER-UPDATE-SERVICE/LTIN308722.cts.com:player-update-service:8083: registering service...
2022-11-28 16:47:24.933  INFO 1904 --- [DiscoveryClient-InstanceInfoReplicator-0] com.netflix.discovery.DiscoveryClient    : DiscoveryClient_PLAYER-UPDATE-SERVICE/LTIN308722.cts.com:player-update-service:8083 - registration status: 204
2022-11-28 16:47:54.939  INFO 1904 --- [DiscoveryClient-InstanceInfoReplicator-0] com.netflix.discovery.DiscoveryClient    : DiscoveryClient_PLAYER-UPDATE-SERVICE/LTIN308722.cts.com:player-update-service:8083: registering service...
2022-11-28 16:47:54.945  INFO 1904 --- [DiscoveryClient-InstanceInfoReplicator-0] com.netflix.discovery.DiscoveryClient    : DiscoveryClient_PLAYER-UPDATE-SERVICE/LTIN308722.cts.com:player-update-service:8083 - registration status: 204
2022-11-28 16:48:24.948  INFO 1904 --- [DiscoveryClient-InstanceInfoReplicator-0] com.netflix.discovery.DiscoveryClient    : DiscoveryClient_PLAYER-UPDATE-SERVICE/LTIN308722.cts.com:player-update-service:8083: registering service...
2022-11-28 16:48:24.961  INFO 1904 --- [DiscoveryClient-InstanceInfoReplicator-0] com.netflix.discovery.DiscoveryClient    : DiscoveryClient_PLAYER-UPDATE-SERVICE/LTIN308722.cts.com:player-update-service:8083 - registration status: 204
2022-11-28 16:48:54.963  INFO 1904 --- [DiscoveryClient-InstanceInfoReplicator-0] com.netflix.discovery.DiscoveryClient    : DiscoveryClient_PLAYER-UPDATE-SERVICE/LTIN308722.cts.com:player-update-service:8083: registering service...
2022-11-28 16:48:54.967  INFO 1904 --- [DiscoveryClient-InstanceInfoReplicator-0] com.netflix.discovery.DiscoveryClient    : DiscoveryClient_PLAYER-UPDATE-SERVICE/LTIN308722.cts.com:player-update-service:8083 - registration status: 204
2022-11-28 16:49:24.974  INFO 1904 --- [DiscoveryClient-InstanceInfoReplicator-0] com.netflix.discovery.DiscoveryClient    : DiscoveryClient_PLAYER-UPDATE-SERVICE/LTIN308722.cts.com:player-update-service:8083: registering service...
2022-11-28 16:49:24.978  INFO 1904 --- [DiscoveryClient-InstanceInfoReplicator-0] com.netflix.discovery.DiscoveryClient    : DiscoveryClient_PLAYER-UPDATE-SERVICE/LTIN308722.cts.com:player-update-service:8083 - registration status: 204
2022-11-28 16:49:54.988  INFO 1904 --- [DiscoveryClient-InstanceInfoReplicator-0] com.netflix.discovery.DiscoveryClient    : DiscoveryClient_PLAYER-UPDATE-SERVICE/LTIN308722.cts.com:player-update-service:8083: registering service...
2022-11-28 16:49:54.993  INFO 1904 --- [DiscoveryClient-InstanceInfoReplicator-0] com.netflix.discovery.DiscoveryClient    : DiscoveryClient_PLAYER-UPDATE-SERVICE/LTIN308722.cts.com:player-update-service:8083 - registration status: 204
2022-11-28 16:50:24.995  INFO 1904 --- [DiscoveryClient-InstanceInfoReplicator-0] com.netflix.discovery.DiscoveryClient    : DiscoveryClient_PLAYER-UPDATE-SERVICE/LTIN308722.cts.com:player-update-service:8083: registering service...
2022-11-28 16:50:25.008  INFO 1904 --- [DiscoveryClient-InstanceInfoReplicator-0] com.netflix.discovery.DiscoveryClient    : DiscoveryClient_PLAYER-UPDATE-SERVICE/LTIN308722.cts.com:player-update-service:8083 - registration status: 204
2022-11-28 16:50:55.022  INFO 1904 --- [DiscoveryClient-InstanceInfoReplicator-0] com.netflix.discovery.DiscoveryClient    : DiscoveryClient_PLAYER-UPDATE-SERVICE/LTIN308722.cts.com:player-update-service:8083: registering service...
2022-11-28 16:50:55.029  INFO 1904 --- [DiscoveryClient-InstanceInfoReplicator-0] com.netflix.discovery.DiscoveryClient    : DiscoveryClient_PLAYER-UPDATE-SERVICE/LTIN308722.cts.com:player-update-service:8083 - registration status: 204
2022-11-28 16:51:23.899  INFO 1904 --- [AsyncResolver-bootstrap-executor-0] c.n.d.s.r.aws.ConfigClusterResolver      : Resolving eureka endpoints via configuration
2022-11-28 16:51:25.033  INFO 1904 --- [DiscoveryClient-InstanceInfoReplicator-0] com.netflix.discovery.DiscoveryClient    : DiscoveryClient_PLAYER-UPDATE-SERVICE/LTIN308722.cts.com:player-update-service:8083: registering service...
2022-11-28 16:51:25.038  INFO 1904 --- [DiscoveryClient-InstanceInfoReplicator-0] com.netflix.discovery.DiscoveryClient    : DiscoveryClient_PLAYER-UPDATE-SERVICE/LTIN308722.cts.com:player-update-service:8083 - registration status: 204
2022-11-28 16:51:55.050  INFO 1904 --- [DiscoveryClient-InstanceInfoReplicator-0] com.netflix.discovery.DiscoveryClient    : DiscoveryClient_PLAYER-UPDATE-SERVICE/LTIN308722.cts.com:player-update-service:8083: registering service...
2022-11-28 16:51:55.054  INFO 1904 --- [DiscoveryClient-InstanceInfoReplicator-0] com.netflix.discovery.DiscoveryClient    : DiscoveryClient_PLAYER-UPDATE-SERVICE/LTIN308722.cts.com:player-update-service:8083 - registration status: 204
2022-11-28 16:52:25.068  INFO 1904 --- [DiscoveryClient-InstanceInfoReplicator-0] com.netflix.discovery.DiscoveryClient    : DiscoveryClient_PLAYER-UPDATE-SERVICE/LTIN308722.cts.com:player-update-service:8083: registering service...
2022-11-28 16:52:25.073  INFO 1904 --- [DiscoveryClient-InstanceInfoReplicator-0] com.netflix.discovery.DiscoveryClient    : DiscoveryClient_PLAYER-UPDATE-SERVICE/LTIN308722.cts.com:player-update-service:8083 - registration status: 204
2022-11-28 16:52:55.082  INFO 1904 --- [DiscoveryClient-InstanceInfoReplicator-0] com.netflix.discovery.DiscoveryClient    : DiscoveryClient_PLAYER-UPDATE-SERVICE/LTIN308722.cts.com:player-update-service:8083: registering service...
2022-11-28 16:52:55.087  INFO 1904 --- [DiscoveryClient-InstanceInfoReplicator-0] com.netflix.discovery.DiscoveryClient    : DiscoveryClient_PLAYER-UPDATE-SERVICE/LTIN308722.cts.com:player-update-service:8083 - registration status: 204
2022-11-28 16:53:25.103  INFO 1904 --- [DiscoveryClient-InstanceInfoReplicator-0] com.netflix.discovery.DiscoveryClient    : DiscoveryClient_PLAYER-UPDATE-SERVICE/LTIN308722.cts.com:player-update-service:8083: registering service...
2022-11-28 16:53:25.108  INFO 1904 --- [DiscoveryClient-InstanceInfoReplicator-0] com.netflix.discovery.DiscoveryClient    : DiscoveryClient_PLAYER-UPDATE-SERVICE/LTIN308722.cts.com:player-update-service:8083 - registration status: 204
2022-11-28 16:53:55.119  INFO 1904 --- [DiscoveryClient-InstanceInfoReplicator-0] com.netflix.discovery.DiscoveryClient    : DiscoveryClient_PLAYER-UPDATE-SERVICE/LTIN308722.cts.com:player-update-service:8083: registering service...
2022-11-28 16:53:55.124  INFO 1904 --- [DiscoveryClient-InstanceInfoReplicator-0] com.netflix.discovery.DiscoveryClient    : DiscoveryClient_PLAYER-UPDATE-SERVICE/LTIN308722.cts.com:player-update-service:8083 - registration status: 204
2022-11-28 16:54:25.131  INFO 1904 --- [DiscoveryClient-InstanceInfoReplicator-0] com.netflix.discovery.DiscoveryClient    : DiscoveryClient_PLAYER-UPDATE-SERVICE/LTIN308722.cts.com:player-update-service:8083: registering service...
2022-11-28 16:54:25.139  INFO 1904 --- [DiscoveryClient-InstanceInfoReplicator-0] com.netflix.discovery.DiscoveryClient    : DiscoveryClient_PLAYER-UPDATE-SERVICE/LTIN308722.cts.com:player-update-service:8083 - registration status: 204
2022-11-28 16:54:55.141  INFO 1904 --- [DiscoveryClient-InstanceInfoReplicator-0] com.netflix.discovery.DiscoveryClient    : DiscoveryClient_PLAYER-UPDATE-SERVICE/LTIN308722.cts.com:player-update-service:8083: registering service...
2022-11-28 16:54:55.147  INFO 1904 --- [DiscoveryClient-InstanceInfoReplicator-0] com.netflix.discovery.DiscoveryClient    : DiscoveryClient_PLAYER-UPDATE-SERVICE/LTIN308722.cts.com:player-update-service:8083 - registration status: 204
2022-11-28 16:55:25.164  INFO 1904 --- [DiscoveryClient-InstanceInfoReplicator-0] com.netflix.discovery.DiscoveryClient    : DiscoveryClient_PLAYER-UPDATE-SERVICE/LTIN308722.cts.com:player-update-service:8083: registering service...
2022-11-28 16:55:25.172  INFO 1904 --- [DiscoveryClient-InstanceInfoReplicator-0] com.netflix.discovery.DiscoveryClient    : DiscoveryClient_PLAYER-UPDATE-SERVICE/LTIN308722.cts.com:player-update-service:8083 - registration status: 204
2022-11-28 16:55:55.188  INFO 1904 --- [DiscoveryClient-InstanceInfoReplicator-0] com.netflix.discovery.DiscoveryClient    : DiscoveryClient_PLAYER-UPDATE-SERVICE/LTIN308722.cts.com:player-update-service:8083: registering service...
2022-11-28 16:55:55.192  INFO 1904 --- [DiscoveryClient-InstanceInfoReplicator-0] com.netflix.discovery.DiscoveryClient    : DiscoveryClient_PLAYER-UPDATE-SERVICE/LTIN308722.cts.com:player-update-service:8083 - registration status: 204
2022-11-28 16:56:23.913  INFO 1904 --- [AsyncResolver-bootstrap-executor-0] c.n.d.s.r.aws.ConfigClusterResolver      : Resolving eureka endpoints via configuration
2022-11-28 16:56:25.194  INFO 1904 --- [DiscoveryClient-InstanceInfoReplicator-0] com.netflix.discovery.DiscoveryClient    : DiscoveryClient_PLAYER-UPDATE-SERVICE/LTIN308722.cts.com:player-update-service:8083: registering service...
2022-11-28 16:56:25.199  INFO 1904 --- [DiscoveryClient-InstanceInfoReplicator-0] com.netflix.discovery.DiscoveryClient    : DiscoveryClient_PLAYER-UPDATE-SERVICE/LTIN308722.cts.com:player-update-service:8083 - registration status: 204
2022-11-28 16:56:55.208  INFO 1904 --- [DiscoveryClient-InstanceInfoReplicator-0] com.netflix.discovery.DiscoveryClient    : DiscoveryClient_PLAYER-UPDATE-SERVICE/LTIN308722.cts.com:player-update-service:8083: registering service...
2022-11-28 16:56:55.215  INFO 1904 --- [DiscoveryClient-InstanceInfoReplicator-0] com.netflix.discovery.DiscoveryClient    : DiscoveryClient_PLAYER-UPDATE-SERVICE/LTIN308722.cts.com:player-update-service:8083 - registration status: 204
2022-11-28 16:57:25.221  INFO 1904 --- [DiscoveryClient-InstanceInfoReplicator-0] com.netflix.discovery.DiscoveryClient    : DiscoveryClient_PLAYER-UPDATE-SERVICE/LTIN308722.cts.com:player-update-service:8083: registering service...
2022-11-28 16:57:25.227  INFO 1904 --- [DiscoveryClient-InstanceInfoReplicator-0] com.netflix.discovery.DiscoveryClient    : DiscoveryClient_PLAYER-UPDATE-SERVICE/LTIN308722.cts.com:player-update-service:8083 - registration status: 204
2022-11-28 16:57:55.238  INFO 1904 --- [DiscoveryClient-InstanceInfoReplicator-0] com.netflix.discovery.DiscoveryClient    : DiscoveryClient_PLAYER-UPDATE-SERVICE/LTIN308722.cts.com:player-update-service:8083: registering service...
2022-11-28 16:57:55.243  INFO 1904 --- [DiscoveryClient-InstanceInfoReplicator-0] com.netflix.discovery.DiscoveryClient    : DiscoveryClient_PLAYER-UPDATE-SERVICE/LTIN308722.cts.com:player-update-service:8083 - registration status: 204
2022-11-28 16:58:25.246  INFO 1904 --- [DiscoveryClient-InstanceInfoReplicator-0] com.netflix.discovery.DiscoveryClient    : DiscoveryClient_PLAYER-UPDATE-SERVICE/LTIN308722.cts.com:player-update-service:8083: registering service...
2022-11-28 16:58:25.252  INFO 1904 --- [DiscoveryClient-InstanceInfoReplicator-0] com.netflix.discovery.DiscoveryClient    : DiscoveryClient_PLAYER-UPDATE-SERVICE/LTIN308722.cts.com:player-update-service:8083 - registration status: 204
2022-11-28 16:58:55.269  INFO 1904 --- [DiscoveryClient-InstanceInfoReplicator-0] com.netflix.discovery.DiscoveryClient    : DiscoveryClient_PLAYER-UPDATE-SERVICE/LTIN308722.cts.com:player-update-service:8083: registering service...
2022-11-28 16:58:55.273  INFO 1904 --- [DiscoveryClient-InstanceInfoReplicator-0] com.netflix.discovery.DiscoveryClient    : DiscoveryClient_PLAYER-UPDATE-SERVICE/LTIN308722.cts.com:player-update-service:8083 - registration status: 204
2022-11-28 16:59:25.282  INFO 1904 --- [DiscoveryClient-InstanceInfoReplicator-0] com.netflix.discovery.DiscoveryClient    : DiscoveryClient_PLAYER-UPDATE-SERVICE/LTIN308722.cts.com:player-update-service:8083: registering service...
2022-11-28 16:59:25.286  INFO 1904 --- [DiscoveryClient-InstanceInfoReplicator-0] com.netflix.discovery.DiscoveryClient    : DiscoveryClient_PLAYER-UPDATE-SERVICE/LTIN308722.cts.com:player-update-service:8083 - registration status: 204
2022-11-28 16:59:55.290  INFO 1904 --- [DiscoveryClient-InstanceInfoReplicator-0] com.netflix.discovery.DiscoveryClient    : DiscoveryClient_PLAYER-UPDATE-SERVICE/LTIN308722.cts.com:player-update-service:8083: registering service...
2022-11-28 16:59:55.298  INFO 1904 --- [DiscoveryClient-InstanceInfoReplicator-0] com.netflix.discovery.DiscoveryClient    : DiscoveryClient_PLAYER-UPDATE-SERVICE/LTIN308722.cts.com:player-update-service:8083 - registration status: 204
2022-11-28 17:00:25.313  INFO 1904 --- [DiscoveryClient-InstanceInfoReplicator-0] com.netflix.discovery.DiscoveryClient    : DiscoveryClient_PLAYER-UPDATE-SERVICE/LTIN308722.cts.com:player-update-service:8083: registering service...
2022-11-28 17:00:25.317  INFO 1904 --- [DiscoveryClient-InstanceInfoReplicator-0] com.netflix.discovery.DiscoveryClient    : DiscoveryClient_PLAYER-UPDATE-SERVICE/LTIN308722.cts.com:player-update-service:8083 - registration status: 204
2022-11-28 17:00:55.331  INFO 1904 --- [DiscoveryClient-InstanceInfoReplicator-0] com.netflix.discovery.DiscoveryClient    : DiscoveryClient_PLAYER-UPDATE-SERVICE/LTIN308722.cts.com:player-update-service:8083: registering service...
2022-11-28 17:00:55.335  INFO 1904 --- [DiscoveryClient-InstanceInfoReplicator-0] com.netflix.discovery.DiscoveryClient    : DiscoveryClient_PLAYER-UPDATE-SERVICE/LTIN308722.cts.com:player-update-service:8083 - registration status: 204
2022-11-28 17:01:23.927  INFO 1904 --- [AsyncResolver-bootstrap-executor-0] c.n.d.s.r.aws.ConfigClusterResolver      : Resolving eureka endpoints via configuration
2022-11-28 17:01:25.339  INFO 1904 --- [DiscoveryClient-InstanceInfoReplicator-0] com.netflix.discovery.DiscoveryClient    : DiscoveryClient_PLAYER-UPDATE-SERVICE/LTIN308722.cts.com:player-update-service:8083: registering service...
2022-11-28 17:01:25.349  INFO 1904 --- [DiscoveryClient-InstanceInfoReplicator-0] com.netflix.discovery.DiscoveryClient    : DiscoveryClient_PLAYER-UPDATE-SERVICE/LTIN308722.cts.com:player-update-service:8083 - registration status: 204
2022-11-28 17:01:55.361  INFO 1904 --- [DiscoveryClient-InstanceInfoReplicator-0] com.netflix.discovery.DiscoveryClient    : DiscoveryClient_PLAYER-UPDATE-SERVICE/LTIN308722.cts.com:player-update-service:8083: registering service...
2022-11-28 17:01:55.368  INFO 1904 --- [DiscoveryClient-InstanceInfoReplicator-0] com.netflix.discovery.DiscoveryClient    : DiscoveryClient_PLAYER-UPDATE-SERVICE/LTIN308722.cts.com:player-update-service:8083 - registration status: 204
2022-11-28 17:02:25.375  INFO 1904 --- [DiscoveryClient-InstanceInfoReplicator-0] com.netflix.discovery.DiscoveryClient    : DiscoveryClient_PLAYER-UPDATE-SERVICE/LTIN308722.cts.com:player-update-service:8083: registering service...
2022-11-28 17:02:25.379  INFO 1904 --- [DiscoveryClient-InstanceInfoReplicator-0] com.netflix.discovery.DiscoveryClient    : DiscoveryClient_PLAYER-UPDATE-SERVICE/LTIN308722.cts.com:player-update-service:8083 - registration status: 204
2022-11-28 17:02:55.393  INFO 1904 --- [DiscoveryClient-InstanceInfoReplicator-0] com.netflix.discovery.DiscoveryClient    : DiscoveryClient_PLAYER-UPDATE-SERVICE/LTIN308722.cts.com:player-update-service:8083: registering service...
2022-11-28 17:02:55.402  INFO 1904 --- [DiscoveryClient-InstanceInfoReplicator-0] com.netflix.discovery.DiscoveryClient    : DiscoveryClient_PLAYER-UPDATE-SERVICE/LTIN308722.cts.com:player-update-service:8083 - registration status: 204
2022-11-28 17:03:25.410  INFO 1904 --- [DiscoveryClient-InstanceInfoReplicator-0] com.netflix.discovery.DiscoveryClient    : DiscoveryClient_PLAYER-UPDATE-SERVICE/LTIN308722.cts.com:player-update-service:8083: registering service...
2022-11-28 17:03:25.415  INFO 1904 --- [DiscoveryClient-InstanceInfoReplicator-0] com.netflix.discovery.DiscoveryClient    : DiscoveryClient_PLAYER-UPDATE-SERVICE/LTIN308722.cts.com:player-update-service:8083 - registration status: 204
2022-11-28 17:03:55.418  INFO 1904 --- [DiscoveryClient-InstanceInfoReplicator-0] com.netflix.discovery.DiscoveryClient    : DiscoveryClient_PLAYER-UPDATE-SERVICE/LTIN308722.cts.com:player-update-service:8083: registering service...
2022-11-28 17:03:55.422  INFO 1904 --- [DiscoveryClient-InstanceInfoReplicator-0] com.netflix.discovery.DiscoveryClient    : DiscoveryClient_PLAYER-UPDATE-SERVICE/LTIN308722.cts.com:player-update-service:8083 - registration status: 204
2022-11-28 17:04:25.439  INFO 1904 --- [DiscoveryClient-InstanceInfoReplicator-0] com.netflix.discovery.DiscoveryClient    : DiscoveryClient_PLAYER-UPDATE-SERVICE/LTIN308722.cts.com:player-update-service:8083: registering service...
2022-11-28 17:04:25.444  INFO 1904 --- [DiscoveryClient-InstanceInfoReplicator-0] com.netflix.discovery.DiscoveryClient    : DiscoveryClient_PLAYER-UPDATE-SERVICE/LTIN308722.cts.com:player-update-service:8083 - registration status: 204
2022-11-28 17:04:55.450  INFO 1904 --- [DiscoveryClient-InstanceInfoReplicator-0] com.netflix.discovery.DiscoveryClient    : DiscoveryClient_PLAYER-UPDATE-SERVICE/LTIN308722.cts.com:player-update-service:8083: registering service...
2022-11-28 17:04:55.464  INFO 1904 --- [DiscoveryClient-InstanceInfoReplicator-0] com.netflix.discovery.DiscoveryClient    : DiscoveryClient_PLAYER-UPDATE-SERVICE/LTIN308722.cts.com:player-update-service:8083 - registration status: 204
2022-11-28 17:05:25.475  INFO 1904 --- [DiscoveryClient-InstanceInfoReplicator-0] com.netflix.discovery.DiscoveryClient    : DiscoveryClient_PLAYER-UPDATE-SERVICE/LTIN308722.cts.com:player-update-service:8083: registering service...
2022-11-28 17:05:25.481  INFO 1904 --- [DiscoveryClient-InstanceInfoReplicator-0] com.netflix.discovery.DiscoveryClient    : DiscoveryClient_PLAYER-UPDATE-SERVICE/LTIN308722.cts.com:player-update-service:8083 - registration status: 204
2022-11-28 17:05:55.491  INFO 1904 --- [DiscoveryClient-InstanceInfoReplicator-0] com.netflix.discovery.DiscoveryClient    : DiscoveryClient_PLAYER-UPDATE-SERVICE/LTIN308722.cts.com:player-update-service:8083: registering service...
2022-11-28 17:05:55.496  INFO 1904 --- [DiscoveryClient-InstanceInfoReplicator-0] com.netflix.discovery.DiscoveryClient    : DiscoveryClient_PLAYER-UPDATE-SERVICE/LTIN308722.cts.com:player-update-service:8083 - registration status: 204
2022-11-28 17:06:23.939  INFO 1904 --- [AsyncResolver-bootstrap-executor-0] c.n.d.s.r.aws.ConfigClusterResolver      : Resolving eureka endpoints via configuration
2022-11-28 17:06:25.501  INFO 1904 --- [DiscoveryClient-InstanceInfoReplicator-0] com.netflix.discovery.DiscoveryClient    : DiscoveryClient_PLAYER-UPDATE-SERVICE/LTIN308722.cts.com:player-update-service:8083: registering service...
2022-11-28 17:06:25.509  INFO 1904 --- [DiscoveryClient-InstanceInfoReplicator-0] com.netflix.discovery.DiscoveryClient    : DiscoveryClient_PLAYER-UPDATE-SERVICE/LTIN308722.cts.com:player-update-service:8083 - registration status: 204
2022-11-28 17:06:55.516  INFO 1904 --- [DiscoveryClient-InstanceInfoReplicator-0] com.netflix.discovery.DiscoveryClient    : DiscoveryClient_PLAYER-UPDATE-SERVICE/LTIN308722.cts.com:player-update-service:8083: registering service...
2022-11-28 17:06:55.522  INFO 1904 --- [DiscoveryClient-InstanceInfoReplicator-0] com.netflix.discovery.DiscoveryClient    : DiscoveryClient_PLAYER-UPDATE-SERVICE/LTIN308722.cts.com:player-update-service:8083 - registration status: 204
2022-11-28 17:07:25.525  INFO 1904 --- [DiscoveryClient-InstanceInfoReplicator-0] com.netflix.discovery.DiscoveryClient    : DiscoveryClient_PLAYER-UPDATE-SERVICE/LTIN308722.cts.com:player-update-service:8083: registering service...
2022-11-28 17:07:25.531  INFO 1904 --- [DiscoveryClient-InstanceInfoReplicator-0] com.netflix.discovery.DiscoveryClient    : DiscoveryClient_PLAYER-UPDATE-SERVICE/LTIN308722.cts.com:player-update-service:8083 - registration status: 204
2022-11-28 17:07:55.542  INFO 1904 --- [DiscoveryClient-InstanceInfoReplicator-0] com.netflix.discovery.DiscoveryClient    : DiscoveryClient_PLAYER-UPDATE-SERVICE/LTIN308722.cts.com:player-update-service:8083: registering service...
2022-11-28 17:07:55.548  INFO 1904 --- [DiscoveryClient-InstanceInfoReplicator-0] com.netflix.discovery.DiscoveryClient    : DiscoveryClient_PLAYER-UPDATE-SERVICE/LTIN308722.cts.com:player-update-service:8083 - registration status: 204
2022-11-28 17:08:25.563  INFO 1904 --- [DiscoveryClient-InstanceInfoReplicator-0] com.netflix.discovery.DiscoveryClient    : DiscoveryClient_PLAYER-UPDATE-SERVICE/LTIN308722.cts.com:player-update-service:8083: registering service...
2022-11-28 17:08:25.568  INFO 1904 --- [DiscoveryClient-InstanceInfoReplicator-0] com.netflix.discovery.DiscoveryClient    : DiscoveryClient_PLAYER-UPDATE-SERVICE/LTIN308722.cts.com:player-update-service:8083 - registration status: 204
2022-11-28 17:08:55.578  INFO 1904 --- [DiscoveryClient-InstanceInfoReplicator-0] com.netflix.discovery.DiscoveryClient    : DiscoveryClient_PLAYER-UPDATE-SERVICE/LTIN308722.cts.com:player-update-service:8083: registering service...
2022-11-28 17:08:55.587  INFO 1904 --- [DiscoveryClient-InstanceInfoReplicator-0] com.netflix.discovery.DiscoveryClient    : DiscoveryClient_PLAYER-UPDATE-SERVICE/LTIN308722.cts.com:player-update-service:8083 - registration status: 204
2022-11-28 17:09:25.603  INFO 1904 --- [DiscoveryClient-InstanceInfoReplicator-0] com.netflix.discovery.DiscoveryClient    : DiscoveryClient_PLAYER-UPDATE-SERVICE/LTIN308722.cts.com:player-update-service:8083: registering service...
2022-11-28 17:09:25.611  INFO 1904 --- [DiscoveryClient-InstanceInfoReplicator-0] com.netflix.discovery.DiscoveryClient    : DiscoveryClient_PLAYER-UPDATE-SERVICE/LTIN308722.cts.com:player-update-service:8083 - registration status: 204
2022-11-28 17:09:55.628  INFO 1904 --- [DiscoveryClient-InstanceInfoReplicator-0] com.netflix.discovery.DiscoveryClient    : DiscoveryClient_PLAYER-UPDATE-SERVICE/LTIN308722.cts.com:player-update-service:8083: registering service...
2022-11-28 17:09:55.635  INFO 1904 --- [DiscoveryClient-InstanceInfoReplicator-0] com.netflix.discovery.DiscoveryClient    : DiscoveryClient_PLAYER-UPDATE-SERVICE/LTIN308722.cts.com:player-update-service:8083 - registration status: 204
2022-11-28 17:10:25.648  INFO 1904 --- [DiscoveryClient-InstanceInfoReplicator-0] com.netflix.discovery.DiscoveryClient    : DiscoveryClient_PLAYER-UPDATE-SERVICE/LTIN308722.cts.com:player-update-service:8083: registering service...
2022-11-28 17:10:25.655  INFO 1904 --- [DiscoveryClient-InstanceInfoReplicator-0] com.netflix.discovery.DiscoveryClient    : DiscoveryClient_PLAYER-UPDATE-SERVICE/LTIN308722.cts.com:player-update-service:8083 - registration status: 204
2022-11-28 17:10:55.668  INFO 1904 --- [DiscoveryClient-InstanceInfoReplicator-0] com.netflix.discovery.DiscoveryClient    : DiscoveryClient_PLAYER-UPDATE-SERVICE/LTIN308722.cts.com:player-update-service:8083: registering service...
2022-11-28 17:10:55.675  INFO 1904 --- [DiscoveryClient-InstanceInfoReplicator-0] com.netflix.discovery.DiscoveryClient    : DiscoveryClient_PLAYER-UPDATE-SERVICE/LTIN308722.cts.com:player-update-service:8083 - registration status: 204
2022-11-28 17:11:23.949  INFO 1904 --- [AsyncResolver-bootstrap-executor-0] c.n.d.s.r.aws.ConfigClusterResolver      : Resolving eureka endpoints via configuration
2022-11-28 17:11:25.682  INFO 1904 --- [DiscoveryClient-InstanceInfoReplicator-0] com.netflix.discovery.DiscoveryClient    : DiscoveryClient_PLAYER-UPDATE-SERVICE/LTIN308722.cts.com:player-update-service:8083: registering service...
2022-11-28 17:11:25.687  INFO 1904 --- [DiscoveryClient-InstanceInfoReplicator-0] com.netflix.discovery.DiscoveryClient    : DiscoveryClient_PLAYER-UPDATE-SERVICE/LTIN308722.cts.com:player-update-service:8083 - registration status: 204
2022-11-28 17:11:55.690  INFO 1904 --- [DiscoveryClient-InstanceInfoReplicator-0] com.netflix.discovery.DiscoveryClient    : DiscoveryClient_PLAYER-UPDATE-SERVICE/LTIN308722.cts.com:player-update-service:8083: registering service...
2022-11-28 17:11:55.695  INFO 1904 --- [DiscoveryClient-InstanceInfoReplicator-0] com.netflix.discovery.DiscoveryClient    : DiscoveryClient_PLAYER-UPDATE-SERVICE/LTIN308722.cts.com:player-update-service:8083 - registration status: 204
2022-11-28 17:12:25.711  INFO 1904 --- [DiscoveryClient-InstanceInfoReplicator-0] com.netflix.discovery.DiscoveryClient    : DiscoveryClient_PLAYER-UPDATE-SERVICE/LTIN308722.cts.com:player-update-service:8083: registering service...
2022-11-28 17:12:25.715  INFO 1904 --- [DiscoveryClient-InstanceInfoReplicator-0] com.netflix.discovery.DiscoveryClient    : DiscoveryClient_PLAYER-UPDATE-SERVICE/LTIN308722.cts.com:player-update-service:8083 - registration status: 204
2022-11-28 17:12:55.717  INFO 1904 --- [DiscoveryClient-InstanceInfoReplicator-0] com.netflix.discovery.DiscoveryClient    : DiscoveryClient_PLAYER-UPDATE-SERVICE/LTIN308722.cts.com:player-update-service:8083: registering service...
2022-11-28 17:12:55.721  INFO 1904 --- [DiscoveryClient-InstanceInfoReplicator-0] com.netflix.discovery.DiscoveryClient    : DiscoveryClient_PLAYER-UPDATE-SERVICE/LTIN308722.cts.com:player-update-service:8083 - registration status: 204
2022-11-28 17:13:25.733  INFO 1904 --- [DiscoveryClient-InstanceInfoReplicator-0] com.netflix.discovery.DiscoveryClient    : DiscoveryClient_PLAYER-UPDATE-SERVICE/LTIN308722.cts.com:player-update-service:8083: registering service...
2022-11-28 17:13:25.738  INFO 1904 --- [DiscoveryClient-InstanceInfoReplicator-0] com.netflix.discovery.DiscoveryClient    : DiscoveryClient_PLAYER-UPDATE-SERVICE/LTIN308722.cts.com:player-update-service:8083 - registration status: 204
2022-11-28 17:13:55.742  INFO 1904 --- [DiscoveryClient-InstanceInfoReplicator-0] com.netflix.discovery.DiscoveryClient    : DiscoveryClient_PLAYER-UPDATE-SERVICE/LTIN308722.cts.com:player-update-service:8083: registering service...
2022-11-28 17:13:55.751  INFO 1904 --- [DiscoveryClient-InstanceInfoReplicator-0] com.netflix.discovery.DiscoveryClient    : DiscoveryClient_PLAYER-UPDATE-SERVICE/LTIN308722.cts.com:player-update-service:8083 - registration status: 204
2022-11-28 17:14:25.759  INFO 1904 --- [DiscoveryClient-InstanceInfoReplicator-0] com.netflix.discovery.DiscoveryClient    : DiscoveryClient_PLAYER-UPDATE-SERVICE/LTIN308722.cts.com:player-update-service:8083: registering service...
2022-11-28 17:14:25.766  INFO 1904 --- [DiscoveryClient-InstanceInfoReplicator-0] com.netflix.discovery.DiscoveryClient    : DiscoveryClient_PLAYER-UPDATE-SERVICE/LTIN308722.cts.com:player-update-service:8083 - registration status: 204
2022-11-28 17:14:55.773  INFO 1904 --- [DiscoveryClient-InstanceInfoReplicator-0] com.netflix.discovery.DiscoveryClient    : DiscoveryClient_PLAYER-UPDATE-SERVICE/LTIN308722.cts.com:player-update-service:8083: registering service...
2022-11-28 17:14:55.777  INFO 1904 --- [DiscoveryClient-InstanceInfoReplicator-0] com.netflix.discovery.DiscoveryClient    : DiscoveryClient_PLAYER-UPDATE-SERVICE/LTIN308722.cts.com:player-update-service:8083 - registration status: 204
2022-11-28 17:15:25.784  INFO 1904 --- [DiscoveryClient-InstanceInfoReplicator-0] com.netflix.discovery.DiscoveryClient    : DiscoveryClient_PLAYER-UPDATE-SERVICE/LTIN308722.cts.com:player-update-service:8083: registering service...
2022-11-28 17:15:25.789  INFO 1904 --- [DiscoveryClient-InstanceInfoReplicator-0] com.netflix.discovery.DiscoveryClient    : DiscoveryClient_PLAYER-UPDATE-SERVICE/LTIN308722.cts.com:player-update-service:8083 - registration status: 204
2022-11-28 17:15:55.803  INFO 1904 --- [DiscoveryClient-InstanceInfoReplicator-0] com.netflix.discovery.DiscoveryClient    : DiscoveryClient_PLAYER-UPDATE-SERVICE/LTIN308722.cts.com:player-update-service:8083: registering service...
2022-11-28 17:15:55.810  INFO 1904 --- [DiscoveryClient-InstanceInfoReplicator-0] com.netflix.discovery.DiscoveryClient    : DiscoveryClient_PLAYER-UPDATE-SERVICE/LTIN308722.cts.com:player-update-service:8083 - registration status: 204
